2012-07-02 18:10:31,832 [1] DEBUG GesColecoesWeb.Global - Application start...
2012-07-02 18:11:10,217 [10] DEBUG GesColecoesWeb.Global - Application end.
2012-07-02 18:11:41,443 [1] DEBUG GesColecoesWeb.Global - Application start...
2012-07-02 18:14:18,554 [10] DEBUG GesColecoesWeb.Global - Application end.
2012-07-02 18:14:55,477 [1] DEBUG GesColecoesWeb.Global - Application start...
2012-07-02 18:14:55,812 [16] DEBUG GesColecoesWeb.GetViewGeral_ByID - Processing...
2012-07-02 18:14:55,812 [16] ERROR GesColecoesWeb.GetViewGeral_ByID - ID field not supplied...
2012-07-02 18:14:55,812 [16] DEBUG GesColecoesWeb.GetViewGeral_ByID - Finished.
2012-07-02 18:15:20,995 [7] DEBUG GesColecoesWeb.Global - Application end.
2012-07-02 18:15:22,815 [1] DEBUG GesColecoesWeb.Global - Application start...
2012-07-02 18:15:23,080 [16] DEBUG GesColecoesWeb.GetViewGeral_ByID - Processing...
2012-07-02 18:15:23,080 [16] DEBUG GesColecoesWeb.GetViewGeral_ByID - parameterID=1
2012-07-02 18:15:23,080 [16] ERROR GesColecoesWeb.GetViewGeral_ByID - ID field not supplied...
2012-07-02 18:15:23,080 [16] DEBUG GesColecoesWeb.GetViewGeral_ByID - Finished.
2012-07-02 18:15:38,315 [10] DEBUG GesColecoesWeb.Global - Application end.
2012-07-02 18:15:40,490 [14] DEBUG GesColecoesWeb.Global - Application start...
2012-07-02 18:15:40,790 [10] DEBUG GesColecoesWeb.GetViewGeral_ByID - Processing...
2012-07-02 18:15:40,790 [10] DEBUG GesColecoesWeb.GetViewGeral_ByID - parameterID=1
2012-07-02 18:15:40,790 [10] DEBUG GesColecoesWeb.GetViewGeral_ByID - ID=1
2012-07-02 18:15:40,930 [10] INFO  GesColecoesWeb.Data.DataBase - DataBase[0]
2012-07-02 18:15:56,261 [10] ERROR GesColecoesWeb.Data.DataBase - System.Data.SqlClient.SqlException (0x80131904): A network-related or instance-specific error occurred while establishing a connection to SQL Server. The server was not found or was not accessible. Verify that the instance name is correct and that SQL Server is configured to allow remote connections. (provider: Named Pipes Provider, error: 40 - Could not open a connection to SQL Server)
   at System.Data.SqlClient.SqlInternalConnection.OnError(SqlException exception, Boolean breakConnection)
   at System.Data.SqlClient.TdsParser.ThrowExceptionAndWarning()
   at System.Data.SqlClient.TdsParser.Connect(ServerInfo serverInfo, SqlInternalConnectionTds connHandler, Boolean ignoreSniOpenTimeout, Int64 timerExpire, Boolean encrypt, Boolean trustServerCert, Boolean integratedSecurity)
   at System.Data.SqlClient.SqlInternalConnectionTds.AttemptOneLogin(ServerInfo serverInfo, String newPassword, Boolean ignoreSniOpenTimeout, TimeoutTimer timeout, SqlConnection owningObject)
   at System.Data.SqlClient.SqlInternalConnectionTds.LoginNoFailover(ServerInfo serverInfo, String newPassword, Boolean redirectedUserInstance, SqlConnection owningObject, SqlConnectionString connectionOptions, TimeoutTimer timeout)
   at System.Data.SqlClient.SqlInternalConnectionTds.OpenLoginEnlist(SqlConnection owningObject, TimeoutTimer timeout, SqlConnectionString connectionOptions, String newPassword, Boolean redirectedUserInstance)
   at System.Data.SqlClient.SqlInternalConnectionTds..ctor(DbConnectionPoolIdentity identity, SqlConnectionString connectionOptions, Object providerInfo, String newPassword, SqlConnection owningObject, Boolean redirectedUserInstance)
   at System.Data.SqlClient.SqlConnectionFactory.CreateConnection(DbConnectionOptions options, Object poolGroupProviderInfo, DbConnectionPool pool, DbConnection owningConnection)
   at System.Data.ProviderBase.DbConnectionFactory.CreatePooledConnection(DbConnection owningConnection, DbConnectionPool pool, DbConnectionOptions options)
   at System.Data.ProviderBase.DbConnectionPool.CreateObject(DbConnection owningObject)
   at System.Data.ProviderBase.DbConnectionPool.UserCreateRequest(DbConnection owningObject)
   at System.Data.ProviderBase.DbConnectionPool.GetConnection(DbConnection owningObject)
   at System.Data.ProviderBase.DbConnectionFactory.GetConnection(DbConnection owningConnection)
   at System.Data.ProviderBase.DbConnectionClosed.OpenConnection(DbConnection outerConnection, DbConnectionFactory connectionFactory)
   at System.Data.SqlClient.SqlConnection.Open()
   at GesColecoesWeb.Data.DataBase.ExecuteReader(String SqlCommand, SqlParameter[] Parameters, SqlConnection& Connection, SqlCommand& Command, SqlDataReader& DataReader) in \\GFIPTNMANSO\GesColecoesWeb\GesColecoesWeb.Data\DataBase.cs:line 76
2012-07-02 18:15:56,261 [10] ERROR GesColecoesWeb.GetViewGeral_ByID - ViewGeral Row not found...
2012-07-02 18:15:56,261 [10] DEBUG GesColecoesWeb.GetViewGeral_ByID - Finished.
2012-07-02 18:19:28,273 [17] DEBUG GesColecoesWeb.GetViewGeral_ByID - Processing...
2012-07-02 18:19:28,273 [17] DEBUG GesColecoesWeb.GetViewGeral_ByID - parameterID=
2012-07-02 18:19:28,273 [17] ERROR GesColecoesWeb.GetViewGeral_ByID - ID field not supplied...
2012-07-02 18:19:28,273 [17] DEBUG GesColecoesWeb.GetViewGeral_ByID - Finished.
2012-07-02 18:19:55,523 [12] DEBUG GesColecoesWeb.GetViewGeral_ByID - Processing...
2012-07-02 18:19:55,523 [12] DEBUG GesColecoesWeb.GetViewGeral_ByID - parameterID=1
2012-07-02 18:19:55,523 [12] DEBUG GesColecoesWeb.GetViewGeral_ByID - ID=1
2012-07-02 18:20:10,124 [12] ERROR GesColecoesWeb.Data.DataBase - System.Data.SqlClient.SqlException (0x80131904): A network-related or instance-specific error occurred while establishing a connection to SQL Server. The server was not found or was not accessible. Verify that the instance name is correct and that SQL Server is configured to allow remote connections. (provider: Named Pipes Provider, error: 40 - Could not open a connection to SQL Server)
   at System.Data.SqlClient.SqlInternalConnection.OnError(SqlException exception, Boolean breakConnection)
   at System.Data.SqlClient.TdsParser.ThrowExceptionAndWarning()
   at System.Data.SqlClient.TdsParser.Connect(ServerInfo serverInfo, SqlInternalConnectionTds connHandler, Boolean ignoreSniOpenTimeout, Int64 timerExpire, Boolean encrypt, Boolean trustServerCert, Boolean integratedSecurity)
   at System.Data.SqlClient.SqlInternalConnectionTds.AttemptOneLogin(ServerInfo serverInfo, String newPassword, Boolean ignoreSniOpenTimeout, TimeoutTimer timeout, SqlConnection owningObject)
   at System.Data.SqlClient.SqlInternalConnectionTds.LoginNoFailover(ServerInfo serverInfo, String newPassword, Boolean redirectedUserInstance, SqlConnection owningObject, SqlConnectionString connectionOptions, TimeoutTimer timeout)
   at System.Data.SqlClient.SqlInternalConnectionTds.OpenLoginEnlist(SqlConnection owningObject, TimeoutTimer timeout, SqlConnectionString connectionOptions, String newPassword, Boolean redirectedUserInstance)
   at System.Data.SqlClient.SqlInternalConnectionTds..ctor(DbConnectionPoolIdentity identity, SqlConnectionString connectionOptions, Object providerInfo, String newPassword, SqlConnection owningObject, Boolean redirectedUserInstance)
   at System.Data.SqlClient.SqlConnectionFactory.CreateConnection(DbConnectionOptions options, Object poolGroupProviderInfo, DbConnectionPool pool, DbConnection owningConnection)
   at System.Data.ProviderBase.DbConnectionFactory.CreatePooledConnection(DbConnection owningConnection, DbConnectionPool pool, DbConnectionOptions options)
   at System.Data.ProviderBase.DbConnectionPool.CreateObject(DbConnection owningObject)
   at System.Data.ProviderBase.DbConnectionPool.UserCreateRequest(DbConnection owningObject)
   at System.Data.ProviderBase.DbConnectionPool.GetConnection(DbConnection owningObject)
   at System.Data.ProviderBase.DbConnectionFactory.GetConnection(DbConnection owningConnection)
   at System.Data.ProviderBase.DbConnectionClosed.OpenConnection(DbConnection outerConnection, DbConnectionFactory connectionFactory)
   at System.Data.SqlClient.SqlConnection.Open()
   at GesColecoesWeb.Data.DataBase.ExecuteReader(String SqlCommand, SqlParameter[] Parameters, SqlConnection& Connection, SqlCommand& Command, SqlDataReader& DataReader) in \\GFIPTNMANSO\GesColecoesWeb\GesColecoesWeb.Data\DataBase.cs:line 76
2012-07-02 18:20:10,124 [12] ERROR GesColecoesWeb.GetViewGeral_ByID - ViewGeral Row not found...
2012-07-02 18:20:10,124 [12] DEBUG GesColecoesWeb.GetViewGeral_ByID - Finished.
2012-07-02 18:20:35,754 [7] DEBUG GesColecoesWeb.GetViewGeral_ByID - Processing...
2012-07-02 18:20:35,754 [7] DEBUG GesColecoesWeb.GetViewGeral_ByID - parameterID=1
2012-07-02 18:20:35,754 [7] DEBUG GesColecoesWeb.GetViewGeral_ByID - ID=1
2012-07-02 18:20:50,264 [7] ERROR GesColecoesWeb.Data.DataBase - System.Data.SqlClient.SqlException (0x80131904): A network-related or instance-specific error occurred while establishing a connection to SQL Server. The server was not found or was not accessible. Verify that the instance name is correct and that SQL Server is configured to allow remote connections. (provider: Named Pipes Provider, error: 40 - Could not open a connection to SQL Server)
   at System.Data.SqlClient.SqlInternalConnection.OnError(SqlException exception, Boolean breakConnection)
   at System.Data.SqlClient.TdsParser.ThrowExceptionAndWarning()
   at System.Data.SqlClient.TdsParser.Connect(ServerInfo serverInfo, SqlInternalConnectionTds connHandler, Boolean ignoreSniOpenTimeout, Int64 timerExpire, Boolean encrypt, Boolean trustServerCert, Boolean integratedSecurity)
   at System.Data.SqlClient.SqlInternalConnectionTds.AttemptOneLogin(ServerInfo serverInfo, String newPassword, Boolean ignoreSniOpenTimeout, TimeoutTimer timeout, SqlConnection owningObject)
   at System.Data.SqlClient.SqlInternalConnectionTds.LoginNoFailover(ServerInfo serverInfo, String newPassword, Boolean redirectedUserInstance, SqlConnection owningObject, SqlConnectionString connectionOptions, TimeoutTimer timeout)
   at System.Data.SqlClient.SqlInternalConnectionTds.OpenLoginEnlist(SqlConnection owningObject, TimeoutTimer timeout, SqlConnectionString connectionOptions, String newPassword, Boolean redirectedUserInstance)
   at System.Data.SqlClient.SqlInternalConnectionTds..ctor(DbConnectionPoolIdentity identity, SqlConnectionString connectionOptions, Object providerInfo, String newPassword, SqlConnection owningObject, Boolean redirectedUserInstance)
   at System.Data.SqlClient.SqlConnectionFactory.CreateConnection(DbConnectionOptions options, Object poolGroupProviderInfo, DbConnectionPool pool, DbConnection owningConnection)
   at System.Data.ProviderBase.DbConnectionFactory.CreatePooledConnection(DbConnection owningConnection, DbConnectionPool pool, DbConnectionOptions options)
   at System.Data.ProviderBase.DbConnectionPool.CreateObject(DbConnection owningObject)
   at System.Data.ProviderBase.DbConnectionPool.UserCreateRequest(DbConnection owningObject)
   at System.Data.ProviderBase.DbConnectionPool.GetConnection(DbConnection owningObject)
   at System.Data.ProviderBase.DbConnectionFactory.GetConnection(DbConnection owningConnection)
   at System.Data.ProviderBase.DbConnectionClosed.OpenConnection(DbConnection outerConnection, DbConnectionFactory connectionFactory)
   at System.Data.SqlClient.SqlConnection.Open()
   at GesColecoesWeb.Data.DataBase.ExecuteReader(String SqlCommand, SqlParameter[] Parameters, SqlConnection& Connection, SqlCommand& Command, SqlDataReader& DataReader) in \\GFIPTNMANSO\GesColecoesWeb\GesColecoesWeb.Data\DataBase.cs:line 76
2012-07-02 18:20:50,264 [7] ERROR GesColecoesWeb.GetViewGeral_ByID - ViewGeral Row not found...
2012-07-02 18:20:50,264 [7] DEBUG GesColecoesWeb.GetViewGeral_ByID - Finished.
2012-07-02 18:22:56,027 [7] DEBUG GesColecoesWeb.GetViewGeral_ByID - Processing...
2012-07-02 18:22:56,027 [7] DEBUG GesColecoesWeb.GetViewGeral_ByID - parameterID=1
2012-07-02 18:22:56,027 [7] DEBUG GesColecoesWeb.GetViewGeral_ByID - ID=1
2012-07-02 18:23:10,537 [7] ERROR GesColecoesWeb.Data.DataBase - System.Data.SqlClient.SqlException (0x80131904): A network-related or instance-specific error occurred while establishing a connection to SQL Server. The server was not found or was not accessible. Verify that the instance name is correct and that SQL Server is configured to allow remote connections. (provider: Named Pipes Provider, error: 40 - Could not open a connection to SQL Server)
   at System.Data.SqlClient.SqlInternalConnection.OnError(SqlException exception, Boolean breakConnection)
   at System.Data.SqlClient.TdsParser.ThrowExceptionAndWarning()
   at System.Data.SqlClient.TdsParser.Connect(ServerInfo serverInfo, SqlInternalConnectionTds connHandler, Boolean ignoreSniOpenTimeout, Int64 timerExpire, Boolean encrypt, Boolean trustServerCert, Boolean integratedSecurity)
   at System.Data.SqlClient.SqlInternalConnectionTds.AttemptOneLogin(ServerInfo serverInfo, String newPassword, Boolean ignoreSniOpenTimeout, TimeoutTimer timeout, SqlConnection owningObject)
   at System.Data.SqlClient.SqlInternalConnectionTds.LoginNoFailover(ServerInfo serverInfo, String newPassword, Boolean redirectedUserInstance, SqlConnection owningObject, SqlConnectionString connectionOptions, TimeoutTimer timeout)
   at System.Data.SqlClient.SqlInternalConnectionTds.OpenLoginEnlist(SqlConnection owningObject, TimeoutTimer timeout, SqlConnectionString connectionOptions, String newPassword, Boolean redirectedUserInstance)
   at System.Data.SqlClient.SqlInternalConnectionTds..ctor(DbConnectionPoolIdentity identity, SqlConnectionString connectionOptions, Object providerInfo, String newPassword, SqlConnection owningObject, Boolean redirectedUserInstance)
   at System.Data.SqlClient.SqlConnectionFactory.CreateConnection(DbConnectionOptions options, Object poolGroupProviderInfo, DbConnectionPool pool, DbConnection owningConnection)
   at System.Data.ProviderBase.DbConnectionFactory.CreatePooledConnection(DbConnection owningConnection, DbConnectionPool pool, DbConnectionOptions options)
   at System.Data.ProviderBase.DbConnectionPool.CreateObject(DbConnection owningObject)
   at System.Data.ProviderBase.DbConnectionPool.UserCreateRequest(DbConnection owningObject)
   at System.Data.ProviderBase.DbConnectionPool.GetConnection(DbConnection owningObject)
   at System.Data.ProviderBase.DbConnectionFactory.GetConnection(DbConnection owningConnection)
   at System.Data.ProviderBase.DbConnectionClosed.OpenConnection(DbConnection outerConnection, DbConnectionFactory connectionFactory)
   at System.Data.SqlClient.SqlConnection.Open()
   at GesColecoesWeb.Data.DataBase.ExecuteReader(String SqlCommand, SqlParameter[] Parameters, SqlConnection& Connection, SqlCommand& Command, SqlDataReader& DataReader) in \\GFIPTNMANSO\GesColecoesWeb\GesColecoesWeb.Data\DataBase.cs:line 76
2012-07-02 18:23:10,537 [7] ERROR GesColecoesWeb.GetViewGeral_ByID - ViewGeral Row not found...
2012-07-02 18:23:10,537 [7] DEBUG GesColecoesWeb.GetViewGeral_ByID - Finished.
2012-07-02 18:24:43,759 [17] DEBUG GesColecoesWeb.Global - Application end.
2012-07-02 18:25:19,829 [15] DEBUG GesColecoesWeb.Global - Application start...
2012-07-02 18:25:19,874 [7] DEBUG GesColecoesWeb.GetViewGeral_ByID - Processing...
2012-07-02 18:25:19,874 [7] DEBUG GesColecoesWeb.GetViewGeral_ByID - parameterID=1
2012-07-02 18:25:19,874 [7] DEBUG GesColecoesWeb.GetViewGeral_ByID - ID=1
2012-07-02 18:25:19,879 [7] INFO  GesColecoesWeb.Data.DataBase - DataBase[0]
2012-07-02 18:25:34,394 [7] ERROR GesColecoesWeb.Data.DataBase - System.Data.SqlClient.SqlException (0x80131904): A network-related or instance-specific error occurred while establishing a connection to SQL Server. The server was not found or was not accessible. Verify that the instance name is correct and that SQL Server is configured to allow remote connections. (provider: Named Pipes Provider, error: 40 - Could not open a connection to SQL Server)
   at System.Data.SqlClient.SqlInternalConnection.OnError(SqlException exception, Boolean breakConnection)
   at System.Data.SqlClient.TdsParser.ThrowExceptionAndWarning()
   at System.Data.SqlClient.TdsParser.Connect(ServerInfo serverInfo, SqlInternalConnectionTds connHandler, Boolean ignoreSniOpenTimeout, Int64 timerExpire, Boolean encrypt, Boolean trustServerCert, Boolean integratedSecurity)
   at System.Data.SqlClient.SqlInternalConnectionTds.AttemptOneLogin(ServerInfo serverInfo, String newPassword, Boolean ignoreSniOpenTimeout, TimeoutTimer timeout, SqlConnection owningObject)
   at System.Data.SqlClient.SqlInternalConnectionTds.LoginNoFailover(ServerInfo serverInfo, String newPassword, Boolean redirectedUserInstance, SqlConnection owningObject, SqlConnectionString connectionOptions, TimeoutTimer timeout)
   at System.Data.SqlClient.SqlInternalConnectionTds.OpenLoginEnlist(SqlConnection owningObject, TimeoutTimer timeout, SqlConnectionString connectionOptions, String newPassword, Boolean redirectedUserInstance)
   at System.Data.SqlClient.SqlInternalConnectionTds..ctor(DbConnectionPoolIdentity identity, SqlConnectionString connectionOptions, Object providerInfo, String newPassword, SqlConnection owningObject, Boolean redirectedUserInstance)
   at System.Data.SqlClient.SqlConnectionFactory.CreateConnection(DbConnectionOptions options, Object poolGroupProviderInfo, DbConnectionPool pool, DbConnection owningConnection)
   at System.Data.ProviderBase.DbConnectionFactory.CreatePooledConnection(DbConnection owningConnection, DbConnectionPool pool, DbConnectionOptions options)
   at System.Data.ProviderBase.DbConnectionPool.CreateObject(DbConnection owningObject)
   at System.Data.ProviderBase.DbConnectionPool.UserCreateRequest(DbConnection owningObject)
   at System.Data.ProviderBase.DbConnectionPool.GetConnection(DbConnection owningObject)
   at System.Data.ProviderBase.DbConnectionFactory.GetConnection(DbConnection owningConnection)
   at System.Data.ProviderBase.DbConnectionClosed.OpenConnection(DbConnection outerConnection, DbConnectionFactory connectionFactory)
   at System.Data.SqlClient.SqlConnection.Open()
   at GesColecoesWeb.Data.DataBase.ExecuteReader(String SqlCommand, SqlParameter[] Parameters, SqlConnection& Connection, SqlCommand& Command, SqlDataReader& DataReader) in \\GFIPTNMANSO\GesColecoesWeb\GesColecoesWeb.Data\DataBase.cs:line 76
2012-07-02 18:25:34,399 [7] ERROR GesColecoesWeb.GetViewGeral_ByID - ViewGeral Row not found...
2012-07-02 18:25:34,399 [7] DEBUG GesColecoesWeb.GetViewGeral_ByID - Finished.
2012-07-02 18:28:14,127 [8] DEBUG GesColecoesWeb.Global - Application end.
2012-07-02 18:28:19,621 [6] DEBUG GesColecoesWeb.Global - Application start...
2012-07-02 18:28:19,996 [16] DEBUG GesColecoesWeb.GetViewGeral_ByID - Processing...
2012-07-02 18:28:19,996 [16] DEBUG GesColecoesWeb.GetViewGeral_ByID - parameterID=1
2012-07-02 18:28:19,996 [16] DEBUG GesColecoesWeb.GetViewGeral_ByID - ID=1
2012-07-02 18:28:20,141 [16] DEBUG GesColecoesWeb.Global - Application error...
2012-07-02 18:28:26,521 [17] DEBUG GesColecoesWeb.GetViewGeral_ByID - Processing...
2012-07-02 18:28:26,521 [17] DEBUG GesColecoesWeb.GetViewGeral_ByID - parameterID=1
2012-07-02 18:28:26,521 [17] DEBUG GesColecoesWeb.GetViewGeral_ByID - ID=1
2012-07-02 18:28:26,521 [17] DEBUG GesColecoesWeb.Global - Application error...
2012-07-02 18:28:33,611 [7] DEBUG GesColecoesWeb.Global - Application end.
2012-07-02 18:28:35,690 [15] DEBUG GesColecoesWeb.Global - Application start...
2012-07-02 18:28:36,000 [20] DEBUG GesColecoesWeb.GetViewGeral_ByID - Processing...
2012-07-02 18:28:36,000 [20] DEBUG GesColecoesWeb.GetViewGeral_ByID - parameterID=1
2012-07-02 18:28:36,000 [20] DEBUG GesColecoesWeb.GetViewGeral_ByID - ID=1
2012-07-02 18:28:36,005 [20] INFO  GesColecoesWeb.Data.DataBase - DataBase[0]
2012-07-02 18:28:50,525 [20] ERROR GesColecoesWeb.Data.DataBase - System.Data.SqlClient.SqlException (0x80131904): A network-related or instance-specific error occurred while establishing a connection to SQL Server. The server was not found or was not accessible. Verify that the instance name is correct and that SQL Server is configured to allow remote connections. (provider: Named Pipes Provider, error: 40 - Could not open a connection to SQL Server)
   at System.Data.SqlClient.SqlInternalConnection.OnError(SqlException exception, Boolean breakConnection)
   at System.Data.SqlClient.TdsParser.ThrowExceptionAndWarning()
   at System.Data.SqlClient.TdsParser.Connect(ServerInfo serverInfo, SqlInternalConnectionTds connHandler, Boolean ignoreSniOpenTimeout, Int64 timerExpire, Boolean encrypt, Boolean trustServerCert, Boolean integratedSecurity)
   at System.Data.SqlClient.SqlInternalConnectionTds.AttemptOneLogin(ServerInfo serverInfo, String newPassword, Boolean ignoreSniOpenTimeout, TimeoutTimer timeout, SqlConnection owningObject)
   at System.Data.SqlClient.SqlInternalConnectionTds.LoginNoFailover(ServerInfo serverInfo, String newPassword, Boolean redirectedUserInstance, SqlConnection owningObject, SqlConnectionString connectionOptions, TimeoutTimer timeout)
   at System.Data.SqlClient.SqlInternalConnectionTds.OpenLoginEnlist(SqlConnection owningObject, TimeoutTimer timeout, SqlConnectionString connectionOptions, String newPassword, Boolean redirectedUserInstance)
   at System.Data.SqlClient.SqlInternalConnectionTds..ctor(DbConnectionPoolIdentity identity, SqlConnectionString connectionOptions, Object providerInfo, String newPassword, SqlConnection owningObject, Boolean redirectedUserInstance)
   at System.Data.SqlClient.SqlConnectionFactory.CreateConnection(DbConnectionOptions options, Object poolGroupProviderInfo, DbConnectionPool pool, DbConnection owningConnection)
   at System.Data.ProviderBase.DbConnectionFactory.CreatePooledConnection(DbConnection owningConnection, DbConnectionPool pool, DbConnectionOptions options)
   at System.Data.ProviderBase.DbConnectionPool.CreateObject(DbConnection owningObject)
   at System.Data.ProviderBase.DbConnectionPool.UserCreateRequest(DbConnection owningObject)
   at System.Data.ProviderBase.DbConnectionPool.GetConnection(DbConnection owningObject)
   at System.Data.ProviderBase.DbConnectionFactory.GetConnection(DbConnection owningConnection)
   at System.Data.ProviderBase.DbConnectionClosed.OpenConnection(DbConnection outerConnection, DbConnectionFactory connectionFactory)
   at System.Data.SqlClient.SqlConnection.Open()
   at GesColecoesWeb.Data.DataBase.ExecuteReader(String SqlCommand, SqlParameter[] Parameters, SqlConnection& Connection, SqlCommand& Command, SqlDataReader& DataReader)
2012-07-02 18:28:50,525 [20] ERROR GesColecoesWeb.GetViewGeral_ByID - ViewGeral Row not found...
2012-07-02 18:28:50,530 [20] DEBUG GesColecoesWeb.GetViewGeral_ByID - Finished.
2012-07-02 18:29:23,763 [20] DEBUG GesColecoesWeb.GetViewGeral_ByID - Processing...
2012-07-02 18:29:23,763 [20] DEBUG GesColecoesWeb.GetViewGeral_ByID - parameterID=1
2012-07-02 18:29:23,763 [20] DEBUG GesColecoesWeb.GetViewGeral_ByID - ID=1
2012-07-02 18:29:38,262 [20] ERROR GesColecoesWeb.Data.DataBase - System.Data.SqlClient.SqlException (0x80131904): A network-related or instance-specific error occurred while establishing a connection to SQL Server. The server was not found or was not accessible. Verify that the instance name is correct and that SQL Server is configured to allow remote connections. (provider: Named Pipes Provider, error: 40 - Could not open a connection to SQL Server)
   at System.Data.SqlClient.SqlInternalConnection.OnError(SqlException exception, Boolean breakConnection)
   at System.Data.SqlClient.TdsParser.ThrowExceptionAndWarning()
   at System.Data.SqlClient.TdsParser.Connect(ServerInfo serverInfo, SqlInternalConnectionTds connHandler, Boolean ignoreSniOpenTimeout, Int64 timerExpire, Boolean encrypt, Boolean trustServerCert, Boolean integratedSecurity)
   at System.Data.SqlClient.SqlInternalConnectionTds.AttemptOneLogin(ServerInfo serverInfo, String newPassword, Boolean ignoreSniOpenTimeout, TimeoutTimer timeout, SqlConnection owningObject)
   at System.Data.SqlClient.SqlInternalConnectionTds.LoginNoFailover(ServerInfo serverInfo, String newPassword, Boolean redirectedUserInstance, SqlConnection owningObject, SqlConnectionString connectionOptions, TimeoutTimer timeout)
   at System.Data.SqlClient.SqlInternalConnectionTds.OpenLoginEnlist(SqlConnection owningObject, TimeoutTimer timeout, SqlConnectionString connectionOptions, String newPassword, Boolean redirectedUserInstance)
   at System.Data.SqlClient.SqlInternalConnectionTds..ctor(DbConnectionPoolIdentity identity, SqlConnectionString connectionOptions, Object providerInfo, String newPassword, SqlConnection owningObject, Boolean redirectedUserInstance)
   at System.Data.SqlClient.SqlConnectionFactory.CreateConnection(DbConnectionOptions options, Object poolGroupProviderInfo, DbConnectionPool pool, DbConnection owningConnection)
   at System.Data.ProviderBase.DbConnectionFactory.CreatePooledConnection(DbConnection owningConnection, DbConnectionPool pool, DbConnectionOptions options)
   at System.Data.ProviderBase.DbConnectionPool.CreateObject(DbConnection owningObject)
   at System.Data.ProviderBase.DbConnectionPool.UserCreateRequest(DbConnection owningObject)
   at System.Data.ProviderBase.DbConnectionPool.GetConnection(DbConnection owningObject)
   at System.Data.ProviderBase.DbConnectionFactory.GetConnection(DbConnection owningConnection)
   at System.Data.ProviderBase.DbConnectionClosed.OpenConnection(DbConnection outerConnection, DbConnectionFactory connectionFactory)
   at System.Data.SqlClient.SqlConnection.Open()
   at GesColecoesWeb.Data.DataBase.ExecuteReader(String SqlCommand, SqlParameter[] Parameters, SqlConnection& Connection, SqlCommand& Command, SqlDataReader& DataReader)
2012-07-02 18:29:38,262 [20] ERROR GesColecoesWeb.GetViewGeral_ByID - ViewGeral Row not found...
2012-07-02 18:29:38,262 [20] DEBUG GesColecoesWeb.GetViewGeral_ByID - Finished.
2012-07-02 18:30:26,344 [17] DEBUG GesColecoesWeb.Global - Application end.
2012-07-02 18:30:29,364 [6] DEBUG GesColecoesWeb.Global - Application start...
2012-07-02 18:30:29,639 [10] DEBUG GesColecoesWeb.GetViewGeral_ByID - Processing...
2012-07-02 18:30:29,639 [10] DEBUG GesColecoesWeb.GetViewGeral_ByID - parameterID=1
2012-07-02 18:30:29,639 [10] DEBUG GesColecoesWeb.GetViewGeral_ByID - ID=1
2012-07-02 18:30:29,644 [10] INFO  GesColecoesWeb.Data.DataBase - DataBase[0]
2012-07-02 18:30:29,774 [10] ERROR GesColecoesWeb.Data.DataBase - System.Data.SqlClient.SqlException (0x80131904): A connection was successfully established with the server, but then an error occurred during the login process. (provider: Shared Memory Provider, error: 0 - No process is on the other end of the pipe.)
   at System.Data.SqlClient.SqlInternalConnection.OnError(SqlException exception, Boolean breakConnection)
   at System.Data.SqlClient.TdsParser.ThrowExceptionAndWarning()
   at System.Data.SqlClient.TdsParserStateObject.ReadSniError(TdsParserStateObject stateObj, UInt32 error)
   at System.Data.SqlClient.TdsParserStateObject.ReadSni(DbAsyncResult asyncResult, TdsParserStateObject stateObj)
   at System.Data.SqlClient.TdsParserStateObject.ReadNetworkPacket()
   at System.Data.SqlClient.TdsParserStateObject.ReadByte()
   at System.Data.SqlClient.TdsParser.Run(RunBehavior runBehavior, SqlCommand cmdHandler, SqlDataReader dataStream, BulkCopySimpleResultSet bulkCopyHandler, TdsParserStateObject stateObj)
   at System.Data.SqlClient.SqlInternalConnectionTds.CompleteLogin(Boolean enlistOK)
   at System.Data.SqlClient.SqlInternalConnectionTds.LoginNoFailover(ServerInfo serverInfo, String newPassword, Boolean redirectedUserInstance, SqlConnection owningObject, SqlConnectionString connectionOptions, TimeoutTimer timeout)
   at System.Data.SqlClient.SqlInternalConnectionTds.OpenLoginEnlist(SqlConnection owningObject, TimeoutTimer timeout, SqlConnectionString connectionOptions, String newPassword, Boolean redirectedUserInstance)
   at System.Data.SqlClient.SqlInternalConnectionTds..ctor(DbConnectionPoolIdentity identity, SqlConnectionString connectionOptions, Object providerInfo, String newPassword, SqlConnection owningObject, Boolean redirectedUserInstance)
   at System.Data.SqlClient.SqlConnectionFactory.CreateConnection(DbConnectionOptions options, Object poolGroupProviderInfo, DbConnectionPool pool, DbConnection owningConnection)
   at System.Data.ProviderBase.DbConnectionFactory.CreatePooledConnection(DbConnection owningConnection, DbConnectionPool pool, DbConnectionOptions options)
   at System.Data.ProviderBase.DbConnectionPool.CreateObject(DbConnection owningObject)
   at System.Data.ProviderBase.DbConnectionPool.UserCreateRequest(DbConnection owningObject)
   at System.Data.ProviderBase.DbConnectionPool.GetConnection(DbConnection owningObject)
   at System.Data.ProviderBase.DbConnectionFactory.GetConnection(DbConnection owningConnection)
   at System.Data.ProviderBase.DbConnectionClosed.OpenConnection(DbConnection outerConnection, DbConnectionFactory connectionFactory)
   at System.Data.SqlClient.SqlConnection.Open()
   at GesColecoesWeb.Data.DataBase.ExecuteReader(String SqlCommand, SqlParameter[] Parameters, SqlConnection& Connection, SqlCommand& Command, SqlDataReader& DataReader) in \\GFIPTNMANSO\GesColecoesWeb\GesColecoesWeb.Data\DataBase.cs:line 76
2012-07-02 18:30:29,774 [10] ERROR GesColecoesWeb.GetViewGeral_ByID - ViewGeral Row not found...
2012-07-02 18:30:29,774 [10] DEBUG GesColecoesWeb.GetViewGeral_ByID - Finished.
2012-07-02 18:30:32,749 [16] DEBUG GesColecoesWeb.GetViewGeral_ByID - Processing...
2012-07-02 18:30:32,749 [16] DEBUG GesColecoesWeb.GetViewGeral_ByID - parameterID=1
2012-07-02 18:30:32,749 [16] DEBUG GesColecoesWeb.GetViewGeral_ByID - ID=1
2012-07-02 18:30:32,749 [16] ERROR GesColecoesWeb.Data.DataBase - System.Data.SqlClient.SqlException (0x80131904): A connection was successfully established with the server, but then an error occurred during the login process. (provider: Shared Memory Provider, error: 0 - No process is on the other end of the pipe.)
   at System.Data.ProviderBase.DbConnectionPool.GetConnection(DbConnection owningObject)
   at System.Data.ProviderBase.DbConnectionFactory.GetConnection(DbConnection owningConnection)
   at System.Data.ProviderBase.DbConnectionClosed.OpenConnection(DbConnection outerConnection, DbConnectionFactory connectionFactory)
   at System.Data.SqlClient.SqlConnection.Open()
   at GesColecoesWeb.Data.DataBase.ExecuteReader(String SqlCommand, SqlParameter[] Parameters, SqlConnection& Connection, SqlCommand& Command, SqlDataReader& DataReader) in \\GFIPTNMANSO\GesColecoesWeb\GesColecoesWeb.Data\DataBase.cs:line 76
2012-07-02 18:30:32,749 [16] ERROR GesColecoesWeb.GetViewGeral_ByID - ViewGeral Row not found...
2012-07-02 18:30:32,749 [16] DEBUG GesColecoesWeb.GetViewGeral_ByID - Finished.
2012-07-02 18:30:33,604 [19] DEBUG GesColecoesWeb.GetViewGeral_ByID - Processing...
2012-07-02 18:30:33,604 [19] DEBUG GesColecoesWeb.GetViewGeral_ByID - parameterID=1
2012-07-02 18:30:33,604 [19] DEBUG GesColecoesWeb.GetViewGeral_ByID - ID=1
2012-07-02 18:30:33,604 [19] ERROR GesColecoesWeb.Data.DataBase - System.Data.SqlClient.SqlException (0x80131904): A connection was successfully established with the server, but then an error occurred during the login process. (provider: Shared Memory Provider, error: 0 - No process is on the other end of the pipe.)
   at System.Data.ProviderBase.DbConnectionPool.GetConnection(DbConnection owningObject)
   at System.Data.ProviderBase.DbConnectionFactory.GetConnection(DbConnection owningConnection)
   at System.Data.ProviderBase.DbConnectionClosed.OpenConnection(DbConnection outerConnection, DbConnectionFactory connectionFactory)
   at System.Data.SqlClient.SqlConnection.Open()
   at GesColecoesWeb.Data.DataBase.ExecuteReader(String SqlCommand, SqlParameter[] Parameters, SqlConnection& Connection, SqlCommand& Command, SqlDataReader& DataReader) in \\GFIPTNMANSO\GesColecoesWeb\GesColecoesWeb.Data\DataBase.cs:line 76
2012-07-02 18:30:33,604 [19] ERROR GesColecoesWeb.GetViewGeral_ByID - ViewGeral Row not found...
2012-07-02 18:30:33,604 [19] DEBUG GesColecoesWeb.GetViewGeral_ByID - Finished.
2012-07-02 18:31:48,064 [16] DEBUG GesColecoesWeb.Global - Application end.
2012-07-02 18:31:56,659 [6] DEBUG GesColecoesWeb.Global - Application start...
2012-07-02 18:33:34,589 [20] DEBUG GesColecoesWeb.Global - Application end.
2012-07-02 18:34:15,969 [15] DEBUG GesColecoesWeb.Global - Application start...
2012-07-02 18:34:16,019 [20] DEBUG GesColecoesWeb.GetViewGeral_ByID - Processing...
2012-07-02 18:34:16,019 [20] DEBUG GesColecoesWeb.GetViewGeral_ByID - parameterID=1
2012-07-02 18:34:16,019 [20] DEBUG GesColecoesWeb.GetViewGeral_ByID - ID=1
2012-07-02 18:34:16,019 [20] INFO  GesColecoesWeb.Data.DataBase - DataBase[0]
2012-07-02 18:34:16,039 [20] ERROR GesColecoesWeb.Data.DataBase - System.Data.SqlClient.SqlException (0x80131904): Cannot open database "gesColecoesDB" requested by the login. The login failed.
Login failed for user 'IIS APPPOOL\ASP.NET v4.0'.
   at System.Data.SqlClient.SqlInternalConnection.OnError(SqlException exception, Boolean breakConnection)
   at System.Data.SqlClient.TdsParser.ThrowExceptionAndWarning()
   at System.Data.SqlClient.TdsParser.Run(RunBehavior runBehavior, SqlCommand cmdHandler, SqlDataReader dataStream, BulkCopySimpleResultSet bulkCopyHandler, TdsParserStateObject stateObj)
   at System.Data.SqlClient.SqlInternalConnectionTds.CompleteLogin(Boolean enlistOK)
   at System.Data.SqlClient.SqlInternalConnectionTds.LoginNoFailover(ServerInfo serverInfo, String newPassword, Boolean redirectedUserInstance, SqlConnection owningObject, SqlConnectionString connectionOptions, TimeoutTimer timeout)
   at System.Data.SqlClient.SqlInternalConnectionTds.OpenLoginEnlist(SqlConnection owningObject, TimeoutTimer timeout, SqlConnectionString connectionOptions, String newPassword, Boolean redirectedUserInstance)
   at System.Data.SqlClient.SqlInternalConnectionTds..ctor(DbConnectionPoolIdentity identity, SqlConnectionString connectionOptions, Object providerInfo, String newPassword, SqlConnection owningObject, Boolean redirectedUserInstance)
   at System.Data.SqlClient.SqlConnectionFactory.CreateConnection(DbConnectionOptions options, Object poolGroupProviderInfo, DbConnectionPool pool, DbConnection owningConnection)
   at System.Data.ProviderBase.DbConnectionFactory.CreatePooledConnection(DbConnection owningConnection, DbConnectionPool pool, DbConnectionOptions options)
   at System.Data.ProviderBase.DbConnectionPool.CreateObject(DbConnection owningObject)
   at System.Data.ProviderBase.DbConnectionPool.UserCreateRequest(DbConnection owningObject)
   at System.Data.ProviderBase.DbConnectionPool.GetConnection(DbConnection owningObject)
   at System.Data.ProviderBase.DbConnectionFactory.GetConnection(DbConnection owningConnection)
   at System.Data.ProviderBase.DbConnectionClosed.OpenConnection(DbConnection outerConnection, DbConnectionFactory connectionFactory)
   at System.Data.SqlClient.SqlConnection.Open()
   at GesColecoesWeb.Data.DataBase.ExecuteReader(String SqlCommand, SqlParameter[] Parameters, SqlConnection& Connection, SqlCommand& Command, SqlDataReader& DataReader) in \\GFIPTNMANSO\GesColecoesWeb\GesColecoesWeb.Data\DataBase.cs:line 76
2012-07-02 18:34:16,039 [20] ERROR GesColecoesWeb.GetViewGeral_ByID - ViewGeral Row not found...
2012-07-02 18:34:16,039 [20] DEBUG GesColecoesWeb.GetViewGeral_ByID - Finished.
2012-07-02 18:34:18,659 [12] DEBUG GesColecoesWeb.GetViewGeral_ByID - Processing...
2012-07-02 18:34:18,659 [12] DEBUG GesColecoesWeb.GetViewGeral_ByID - parameterID=1
2012-07-02 18:34:18,659 [12] DEBUG GesColecoesWeb.GetViewGeral_ByID - ID=1
2012-07-02 18:34:18,659 [12] ERROR GesColecoesWeb.Data.DataBase - System.Data.SqlClient.SqlException (0x80131904): Cannot open database "gesColecoesDB" requested by the login. The login failed.
Login failed for user 'IIS APPPOOL\ASP.NET v4.0'.
   at System.Data.ProviderBase.DbConnectionPool.GetConnection(DbConnection owningObject)
   at System.Data.ProviderBase.DbConnectionFactory.GetConnection(DbConnection owningConnection)
   at System.Data.ProviderBase.DbConnectionClosed.OpenConnection(DbConnection outerConnection, DbConnectionFactory connectionFactory)
   at System.Data.SqlClient.SqlConnection.Open()
   at GesColecoesWeb.Data.DataBase.ExecuteReader(String SqlCommand, SqlParameter[] Parameters, SqlConnection& Connection, SqlCommand& Command, SqlDataReader& DataReader) in \\GFIPTNMANSO\GesColecoesWeb\GesColecoesWeb.Data\DataBase.cs:line 76
2012-07-02 18:34:18,659 [12] ERROR GesColecoesWeb.GetViewGeral_ByID - ViewGeral Row not found...
2012-07-02 18:34:18,659 [12] DEBUG GesColecoesWeb.GetViewGeral_ByID - Finished.
2012-07-02 18:35:43,864 [8] DEBUG GesColecoesWeb.Global - Application end.
2012-07-02 18:35:47,319 [1] DEBUG GesColecoesWeb.Global - Application start...
2012-07-02 18:35:47,374 [5] DEBUG GesColecoesWeb.GetViewGeral_ByID - Processing...
2012-07-02 18:35:47,374 [5] DEBUG GesColecoesWeb.GetViewGeral_ByID - parameterID=1
2012-07-02 18:35:47,374 [5] DEBUG GesColecoesWeb.GetViewGeral_ByID - ID=1
2012-07-02 18:35:47,409 [5] INFO  GesColecoesWeb.Data.DataBase - DataBase[0]
2012-07-02 18:35:47,549 [5] INFO  GesColecoesWeb.GetViewGeral_ByID - ViewGeral Row found!
2012-07-02 18:35:47,549 [5] DEBUG GesColecoesWeb.GetViewGeral_ByID - Finished.
2012-07-02 18:36:59,275 [5] DEBUG GesColecoesWeb.Global - Application end.
2012-07-02 18:37:03,836 [1] DEBUG GesColecoesWeb.Global - Application start...
2012-07-02 18:37:04,216 [6] DEBUG GesColecoesWeb.GetViewGeral_ByID - Processing...
2012-07-02 18:37:04,221 [6] DEBUG GesColecoesWeb.GetViewGeral_ByID - parameterID=1
2012-07-02 18:37:04,221 [6] DEBUG GesColecoesWeb.GetViewGeral_ByID - ID=1
2012-07-02 18:37:04,221 [6] INFO  GesColecoesWeb.Data.DataBase - DataBase[0]
2012-07-02 18:37:04,246 [6] INFO  GesColecoesWeb.GetViewGeral_ByID - ViewGeral Row found!
2012-07-02 18:37:04,286 [6] DEBUG GesColecoesWeb.GetViewGeral_ByID - Finished.
2012-07-02 18:46:48,722 [7] DEBUG GesColecoesWeb.Global - Application end.
2012-07-02 18:57:20,370 [1] DEBUG GesColecoesWeb.Global - Application start...
2012-07-02 18:57:20,705 [26] DEBUG GesColecoesWeb.GetViewGeral_ByID - Processing...
2012-07-02 18:57:20,705 [26] ERROR GesColecoesWeb.GetViewGeral_ByID - Invalid parameters supplied...
2012-07-02 18:57:20,705 [26] DEBUG GesColecoesWeb.GetViewGeral_ByID - Finished.
2012-07-02 18:57:26,166 [30] DEBUG GesColecoesWeb.GetViewGeral_ByID - Processing...
2012-07-02 18:57:26,166 [30] DEBUG GesColecoesWeb.GetViewGeral_ByID - qrcode=1
2012-07-02 18:57:26,176 [30] INFO  GesColecoesWeb.Data.DataBase - DataBase[0]
2012-07-02 18:57:26,236 [30] INFO  GesColecoesWeb.GetViewGeral_ByID - ViewGeral Row found!
2012-07-02 18:57:26,236 [30] DEBUG GesColecoesWeb.GetViewGeral_ByID - Finished.
2012-07-02 18:59:36,663 [27] DEBUG GesColecoesWeb.GetViewGeral_ByID - Processing...
2012-07-02 18:59:36,663 [27] DEBUG GesColecoesWeb.GetViewGeral_ByID - qrcode=1234567890
2012-07-02 18:59:36,683 [27] INFO  GesColecoesWeb.GetViewGeral_ByID - ViewGeral Row found!
2012-07-02 18:59:36,688 [27] DEBUG GesColecoesWeb.GetViewGeral_ByID - Finished.
2012-07-02 19:00:11,729 [21] DEBUG GesColecoesWeb.GetViewGeral_ByID - Processing...
2012-07-02 19:00:11,729 [21] DEBUG GesColecoesWeb.GetViewGeral_ByID - barcode=1234567890
2012-07-02 19:00:11,749 [21] INFO  GesColecoesWeb.GetViewGeral_ByID - ViewGeral Row found!
2012-07-02 19:00:11,749 [21] DEBUG GesColecoesWeb.GetViewGeral_ByID - Finished.
2012-07-02 19:00:16,024 [26] DEBUG GesColecoesWeb.GetViewGeral_ByID - Processing...
2012-07-02 19:00:16,029 [26] DEBUG GesColecoesWeb.GetViewGeral_ByID - barcode=1234567890
2012-07-02 19:00:16,029 [26] INFO  GesColecoesWeb.GetViewGeral_ByID - ViewGeral Row found!
2012-07-02 19:00:16,029 [26] DEBUG GesColecoesWeb.GetViewGeral_ByID - Finished.
2012-07-02 19:00:18,709 [26] DEBUG GesColecoesWeb.GetViewGeral_ByID - Processing...
2012-07-02 19:00:18,709 [26] DEBUG GesColecoesWeb.GetViewGeral_ByID - barcode=1234567890s
2012-07-02 19:00:18,724 [26] INFO  GesColecoesWeb.GetViewGeral_ByID - ViewGeral Row found!
2012-07-02 19:00:18,724 [26] DEBUG GesColecoesWeb.GetViewGeral_ByID - Finished.
2012-07-02 19:00:22,109 [26] DEBUG GesColecoesWeb.GetViewGeral_ByID - Processing...
2012-07-02 19:00:22,109 [26] DEBUG GesColecoesWeb.GetViewGeral_ByID - barcode=1234567890
2012-07-02 19:00:22,109 [26] INFO  GesColecoesWeb.GetViewGeral_ByID - ViewGeral Row found!
2012-07-02 19:00:22,109 [26] DEBUG GesColecoesWeb.GetViewGeral_ByID - Finished.
2012-07-02 19:00:27,957 [32] DEBUG GesColecoesWeb.GetViewGeral_ByID - Processing...
2012-07-02 19:00:27,957 [32] ERROR GesColecoesWeb.GetViewGeral_ByID - Invalid parameters supplied...
2012-07-02 19:00:27,957 [32] DEBUG GesColecoesWeb.GetViewGeral_ByID - Finished.
2012-07-02 19:13:08,355 [33] DEBUG GesColecoesWeb.Global - Application end.
2012-07-02 19:18:58,691 [45] DEBUG GesColecoesWeb.Global - Application start...
2012-07-02 19:18:59,186 [36] DEBUG GesColecoesWeb.Global - Application error...
2012-07-02 19:19:06,682 [38] DEBUG GesColecoesWeb.Global - Application end.
2012-07-02 19:19:34,717 [45] DEBUG GesColecoesWeb.Global - Application start...
2012-07-02 19:19:34,992 [36] DEBUG GesColecoesWeb.GetViewGeral - Processing...
2012-07-02 19:19:34,992 [36] ERROR GesColecoesWeb.GetViewGeral - Invalid parameters supplied...
2012-07-02 19:19:34,992 [36] DEBUG GesColecoesWeb.GetViewGeral - Finished.
2012-07-02 19:19:55,648 [40] DEBUG GesColecoesWeb.ListUserFullBackup - Processing...
2012-07-02 19:19:55,648 [40] ERROR GesColecoesWeb.ListUserFullBackup - Invalid parameters supplied...
2012-07-02 19:19:55,648 [40] DEBUG GesColecoesWeb.ListUserFullBackup - Finished.
2012-07-02 19:19:59,763 [36] DEBUG GesColecoesWeb.ListUserFullBackup - Processing...
2012-07-02 19:19:59,763 [36] ERROR GesColecoesWeb.ListUserFullBackup - Invalid parameters supplied...
2012-07-02 19:19:59,763 [36] DEBUG GesColecoesWeb.ListUserFullBackup - Finished.
2012-07-02 19:20:05,038 [40] DEBUG GesColecoesWeb.ListUserFullBackup - Processing...
2012-07-02 19:20:05,038 [40] DEBUG GesColecoesWeb.ListUserFullBackup - idUser=1234567890
2012-07-02 19:20:05,048 [40] INFO  GesColecoesWeb.Data.DataBase - DataBase[0]
2012-07-02 19:20:05,203 [40] ERROR GesColecoesWeb.Data.DataBase - System.Data.SqlClient.SqlException (0x80131904): Must declare the scalar variable "@idUser".
   at System.Data.SqlClient.SqlConnection.OnError(SqlException exception, Boolean breakConnection)
   at System.Data.SqlClient.TdsParser.ThrowExceptionAndWarning()
   at System.Data.SqlClient.TdsParser.Run(RunBehavior runBehavior, SqlCommand cmdHandler, SqlDataReader dataStream, BulkCopySimpleResultSet bulkCopyHandler, TdsParserStateObject stateObj)
   at System.Data.SqlClient.SqlDataReader.ConsumeMetaData()
   at System.Data.SqlClient.SqlDataReader.get_MetaData()
   at System.Data.SqlClient.SqlCommand.FinishExecuteReader(SqlDataReader ds, RunBehavior runBehavior, String resetOptionsString)
   at System.Data.SqlClient.SqlCommand.RunExecuteReaderTds(CommandBehavior cmdBehavior, RunBehavior runBehavior, Boolean returnStream, Boolean async)
   at System.Data.SqlClient.SqlCommand.RunExecuteReader(CommandBehavior cmdBehavior, RunBehavior runBehavior, Boolean returnStream, String method, DbAsyncResult result)
   at System.Data.SqlClient.SqlCommand.RunExecuteReader(CommandBehavior cmdBehavior, RunBehavior runBehavior, Boolean returnStream, String method)
   at System.Data.SqlClient.SqlCommand.ExecuteReader(CommandBehavior behavior, String method)
   at System.Data.SqlClient.SqlCommand.ExecuteReader()
   at GesColecoesWeb.Data.DataBase.ExecuteReader(String SqlCommand, SqlParameter[] Parameters, SqlConnection& Connection, SqlCommand& Command, SqlDataReader& DataReader) in \\GFIPTNMANSO\GesColecoesWeb\GesColecoesWeb.Data\DataBase.cs:line 89
2012-07-02 19:20:05,203 [40] ERROR GesColecoesWeb.ListUserFullBackup - ViewGeral Row not found...
2012-07-02 19:20:05,203 [40] DEBUG GesColecoesWeb.ListUserFullBackup - Finished.
2012-07-02 19:20:19,698 [42] DEBUG GesColecoesWeb.ListUserFullBackup - Processing...
2012-07-02 19:20:19,698 [42] DEBUG GesColecoesWeb.ListUserFullBackup - idUser=1
2012-07-02 19:20:19,698 [42] ERROR GesColecoesWeb.Data.DataBase - System.Data.SqlClient.SqlException (0x80131904): Must declare the scalar variable "@idUser".
   at System.Data.SqlClient.SqlConnection.OnError(SqlException exception, Boolean breakConnection)
   at System.Data.SqlClient.TdsParser.ThrowExceptionAndWarning()
   at System.Data.SqlClient.TdsParser.Run(RunBehavior runBehavior, SqlCommand cmdHandler, SqlDataReader dataStream, BulkCopySimpleResultSet bulkCopyHandler, TdsParserStateObject stateObj)
   at System.Data.SqlClient.SqlDataReader.ConsumeMetaData()
   at System.Data.SqlClient.SqlDataReader.get_MetaData()
   at System.Data.SqlClient.SqlCommand.FinishExecuteReader(SqlDataReader ds, RunBehavior runBehavior, String resetOptionsString)
   at System.Data.SqlClient.SqlCommand.RunExecuteReaderTds(CommandBehavior cmdBehavior, RunBehavior runBehavior, Boolean returnStream, Boolean async)
   at System.Data.SqlClient.SqlCommand.RunExecuteReader(CommandBehavior cmdBehavior, RunBehavior runBehavior, Boolean returnStream, String method, DbAsyncResult result)
   at System.Data.SqlClient.SqlCommand.RunExecuteReader(CommandBehavior cmdBehavior, RunBehavior runBehavior, Boolean returnStream, String method)
   at System.Data.SqlClient.SqlCommand.ExecuteReader(CommandBehavior behavior, String method)
   at System.Data.SqlClient.SqlCommand.ExecuteReader()
   at GesColecoesWeb.Data.DataBase.ExecuteReader(String SqlCommand, SqlParameter[] Parameters, SqlConnection& Connection, SqlCommand& Command, SqlDataReader& DataReader) in \\GFIPTNMANSO\GesColecoesWeb\GesColecoesWeb.Data\DataBase.cs:line 89
2012-07-02 19:20:19,703 [42] ERROR GesColecoesWeb.ListUserFullBackup - ViewGeral Row not found...
2012-07-02 19:20:19,703 [42] DEBUG GesColecoesWeb.ListUserFullBackup - Finished.
2012-07-02 19:20:22,768 [38] DEBUG GesColecoesWeb.ListUserFullBackup - Processing...
2012-07-02 19:20:22,768 [38] DEBUG GesColecoesWeb.ListUserFullBackup - idUser=1
2012-07-02 19:20:22,773 [38] ERROR GesColecoesWeb.Data.DataBase - System.Data.SqlClient.SqlException (0x80131904): Must declare the scalar variable "@idUser".
   at System.Data.SqlClient.SqlConnection.OnError(SqlException exception, Boolean breakConnection)
   at System.Data.SqlClient.TdsParser.ThrowExceptionAndWarning()
   at System.Data.SqlClient.TdsParser.Run(RunBehavior runBehavior, SqlCommand cmdHandler, SqlDataReader dataStream, BulkCopySimpleResultSet bulkCopyHandler, TdsParserStateObject stateObj)
   at System.Data.SqlClient.SqlDataReader.ConsumeMetaData()
   at System.Data.SqlClient.SqlDataReader.get_MetaData()
   at System.Data.SqlClient.SqlCommand.FinishExecuteReader(SqlDataReader ds, RunBehavior runBehavior, String resetOptionsString)
   at System.Data.SqlClient.SqlCommand.RunExecuteReaderTds(CommandBehavior cmdBehavior, RunBehavior runBehavior, Boolean returnStream, Boolean async)
   at System.Data.SqlClient.SqlCommand.RunExecuteReader(CommandBehavior cmdBehavior, RunBehavior runBehavior, Boolean returnStream, String method, DbAsyncResult result)
   at System.Data.SqlClient.SqlCommand.RunExecuteReader(CommandBehavior cmdBehavior, RunBehavior runBehavior, Boolean returnStream, String method)
   at System.Data.SqlClient.SqlCommand.ExecuteReader(CommandBehavior behavior, String method)
   at System.Data.SqlClient.SqlCommand.ExecuteReader()
   at GesColecoesWeb.Data.DataBase.ExecuteReader(String SqlCommand, SqlParameter[] Parameters, SqlConnection& Connection, SqlCommand& Command, SqlDataReader& DataReader) in \\GFIPTNMANSO\GesColecoesWeb\GesColecoesWeb.Data\DataBase.cs:line 89
2012-07-02 19:20:22,773 [38] ERROR GesColecoesWeb.ListUserFullBackup - ViewGeral Row not found...
2012-07-02 19:20:22,773 [38] DEBUG GesColecoesWeb.ListUserFullBackup - Finished.
2012-07-02 19:20:24,593 [42] DEBUG GesColecoesWeb.ListUserFullBackup - Processing...
2012-07-02 19:20:24,593 [42] DEBUG GesColecoesWeb.ListUserFullBackup - idUser=1
2012-07-02 19:20:24,593 [42] ERROR GesColecoesWeb.Data.DataBase - System.Data.SqlClient.SqlException (0x80131904): Must declare the scalar variable "@idUser".
   at System.Data.SqlClient.SqlConnection.OnError(SqlException exception, Boolean breakConnection)
   at System.Data.SqlClient.TdsParser.ThrowExceptionAndWarning()
   at System.Data.SqlClient.TdsParser.Run(RunBehavior runBehavior, SqlCommand cmdHandler, SqlDataReader dataStream, BulkCopySimpleResultSet bulkCopyHandler, TdsParserStateObject stateObj)
   at System.Data.SqlClient.SqlDataReader.ConsumeMetaData()
   at System.Data.SqlClient.SqlDataReader.get_MetaData()
   at System.Data.SqlClient.SqlCommand.FinishExecuteReader(SqlDataReader ds, RunBehavior runBehavior, String resetOptionsString)
   at System.Data.SqlClient.SqlCommand.RunExecuteReaderTds(CommandBehavior cmdBehavior, RunBehavior runBehavior, Boolean returnStream, Boolean async)
   at System.Data.SqlClient.SqlCommand.RunExecuteReader(CommandBehavior cmdBehavior, RunBehavior runBehavior, Boolean returnStream, String method, DbAsyncResult result)
   at System.Data.SqlClient.SqlCommand.RunExecuteReader(CommandBehavior cmdBehavior, RunBehavior runBehavior, Boolean returnStream, String method)
   at System.Data.SqlClient.SqlCommand.ExecuteReader(CommandBehavior behavior, String method)
   at System.Data.SqlClient.SqlCommand.ExecuteReader()
   at GesColecoesWeb.Data.DataBase.ExecuteReader(String SqlCommand, SqlParameter[] Parameters, SqlConnection& Connection, SqlCommand& Command, SqlDataReader& DataReader) in \\GFIPTNMANSO\GesColecoesWeb\GesColecoesWeb.Data\DataBase.cs:line 89
2012-07-02 19:20:24,593 [42] ERROR GesColecoesWeb.ListUserFullBackup - ViewGeral Row not found...
2012-07-02 19:20:24,593 [42] DEBUG GesColecoesWeb.ListUserFullBackup - Finished.
2012-07-02 19:21:17,984 [36] DEBUG GesColecoesWeb.Global - Application end.
2012-07-02 19:21:26,334 [45] DEBUG GesColecoesWeb.Global - Application start...
2012-07-02 19:21:26,614 [38] DEBUG GesColecoesWeb.ListUserFullBackup - Processing...
2012-07-02 19:21:26,614 [38] DEBUG GesColecoesWeb.ListUserFullBackup - idUser=1
2012-07-02 19:21:26,619 [38] INFO  GesColecoesWeb.Data.DataBase - DataBase[0]
2012-07-02 19:21:26,634 [38] INFO  GesColecoesWeb.ListUserFullBackup - ViewGeral Row found!
2012-07-02 19:21:26,639 [38] DEBUG GesColecoesWeb.ListUserFullBackup - Finished.
2012-07-02 19:26:34,459 [38] DEBUG GesColecoesWeb.Global - Application end.
2012-07-02 19:29:25,934 [45] DEBUG GesColecoesWeb.Global - Application start...
2012-07-02 19:29:25,984 [41] DEBUG GesColecoesWeb.ListUserFullBackup - Processing...
2012-07-02 19:29:25,984 [41] DEBUG GesColecoesWeb.ListUserFullBackup - idUser=1
2012-07-02 19:29:25,989 [41] INFO  GesColecoesWeb.Data.DataBase - DataBase[0]
2012-07-02 19:29:26,009 [41] INFO  GesColecoesWeb.ListUserFullBackup - ViewGeral Row found!
2012-07-02 19:29:26,009 [41] DEBUG GesColecoesWeb.ListUserFullBackup - Finished.
2012-07-02 19:33:55,122 [39] DEBUG GesColecoesWeb.Global - Application end.
2012-07-02 19:45:46,315 [23] DEBUG GesColecoesWeb.Global - Application start...
2012-07-02 19:45:46,705 [40] DEBUG GesColecoesWeb.SetUserFullBackup - Processing...
2012-07-02 19:45:46,705 [40] ERROR GesColecoesWeb.SetUserFullBackup - Invalid parameters supplied...
2012-07-02 19:45:46,705 [40] DEBUG GesColecoesWeb.SetUserFullBackup - Finished.
2012-07-02 19:46:25,983 [20] DEBUG GesColecoesWeb.SetUserFullBackup - Processing...
2012-07-02 19:46:25,983 [20] ERROR GesColecoesWeb.SetUserFullBackup - Invalid parameters supplied...
2012-07-02 19:46:25,983 [20] DEBUG GesColecoesWeb.SetUserFullBackup - Finished.
2012-07-02 19:46:29,838 [25] DEBUG GesColecoesWeb.SetUserFullBackup - Processing...
2012-07-02 19:46:29,843 [25] ERROR GesColecoesWeb.SetUserFullBackup - Invalid parameters supplied...
2012-07-02 19:46:29,843 [25] DEBUG GesColecoesWeb.SetUserFullBackup - Finished.
2012-07-02 19:46:58,624 [25] DEBUG GesColecoesWeb.SetUserFullBackup - Processing...
2012-07-02 19:46:58,624 [25] ERROR GesColecoesWeb.SetUserFullBackup - Invalid parameters supplied...
2012-07-02 19:46:58,624 [25] DEBUG GesColecoesWeb.SetUserFullBackup - Finished.
2012-07-02 19:47:01,634 [28] DEBUG GesColecoesWeb.SetUserFullBackup - Processing...
2012-07-02 19:47:01,634 [28] ERROR GesColecoesWeb.SetUserFullBackup - Invalid parameters supplied...
2012-07-02 19:47:01,634 [28] DEBUG GesColecoesWeb.SetUserFullBackup - Finished.
2012-07-02 19:47:19,009 [25] DEBUG GesColecoesWeb.SetUserFullBackup - Processing...
2012-07-02 19:47:19,009 [25] ERROR GesColecoesWeb.SetUserFullBackup - Invalid parameters supplied...
2012-07-02 19:47:19,009 [25] DEBUG GesColecoesWeb.SetUserFullBackup - Finished.
2012-07-02 19:47:58,345 [28] DEBUG GesColecoesWeb.Global - Application end.
2012-07-02 19:48:10,085 [23] DEBUG GesColecoesWeb.Global - Application start...
2012-07-02 19:48:10,430 [40] DEBUG GesColecoesWeb.SetUserFullBackup - Processing...
2012-07-02 19:48:10,430 [40] DEBUG GesColecoesWeb.SetUserFullBackup - idUser=1, data=[{"id":1,"idUser":1,"barcode":"123456 ","TipoItem":"Livro","titulo":"Teste","Editor":"Editor1","Autores":"Ze, Paulo, Jimbas","ano":"2011","edicao":"1","qrcode":"qwertyu112345","ExtTipoItem":"Livro Capa Dura","Obs":"Assinado pelos autores"}]
2012-07-02 19:48:10,615 [40] DEBUG GesColecoesWeb.SetUserFullBackup - Deserialization sucessfull!
2012-07-02 19:48:10,630 [40] INFO  GesColecoesWeb.Data.DataBase - DataBase[0]
2012-07-02 19:48:10,655 [40] DEBUG GesColecoesWeb.SetUserFullBackup - Old user data deleted!
2012-07-02 19:48:10,670 [40] ERROR GesColecoesWeb.Data.DataBase - System.Data.SqlClient.SqlException (0x80131904): Incorrect syntax near 'titulo'.
   at System.Data.SqlClient.SqlConnection.OnError(SqlException exception, Boolean breakConnection)
   at System.Data.SqlClient.TdsParser.ThrowExceptionAndWarning()
   at System.Data.SqlClient.TdsParser.Run(RunBehavior runBehavior, SqlCommand cmdHandler, SqlDataReader dataStream, BulkCopySimpleResultSet bulkCopyHandler, TdsParserStateObject stateObj)
   at System.Data.SqlClient.SqlCommand.FinishExecuteReader(SqlDataReader ds, RunBehavior runBehavior, String resetOptionsString)
   at System.Data.SqlClient.SqlCommand.RunExecuteReaderTds(CommandBehavior cmdBehavior, RunBehavior runBehavior, Boolean returnStream, Boolean async)
   at System.Data.SqlClient.SqlCommand.RunExecuteReader(CommandBehavior cmdBehavior, RunBehavior runBehavior, Boolean returnStream, String method, DbAsyncResult result)
   at System.Data.SqlClient.SqlCommand.InternalExecuteNonQuery(DbAsyncResult result, String methodName, Boolean sendToPipe)
   at System.Data.SqlClient.SqlCommand.ExecuteNonQuery()
   at GesColecoesWeb.Data.DataBase.ExecuteNonQuery(String SqlCommand, SqlParameter[] Parameters, Nullable`1& LastInsertedId) in \\GFIPTNMANSO\GesColecoesWeb\GesColecoesWeb.Data\DataBase.cs:line 210
2012-07-02 19:48:10,670 [40] DEBUG GesColecoesWeb.SetUserFullBackup - Finished.
2012-07-02 19:49:28,293 [21] DEBUG GesColecoesWeb.Global - Application end.
2012-07-02 19:49:31,848 [23] DEBUG GesColecoesWeb.Global - Application start...
2012-07-02 19:49:32,163 [40] DEBUG GesColecoesWeb.SetUserFullBackup - Processing...
2012-07-02 19:49:32,163 [40] DEBUG GesColecoesWeb.SetUserFullBackup - idUser=1, data=[{"id":1,"idUser":1,"barcode":"123456 ","TipoItem":"Livro","titulo":"Teste","Editor":"Editor1","Autores":"Ze, Paulo, Jimbas","ano":"2011","edicao":"1","qrcode":"qwertyu112345","ExtTipoItem":"Livro Capa Dura","Obs":"Assinado pelos autores"}]
2012-07-02 19:49:32,168 [40] DEBUG GesColecoesWeb.SetUserFullBackup - Deserialization sucessfull!
2012-07-02 19:49:32,173 [40] INFO  GesColecoesWeb.Data.DataBase - DataBase[0]
2012-07-02 19:49:32,188 [40] ERROR GesColecoesWeb.SetUserFullBackup - Error: Can't delete user data...
2012-07-02 19:49:32,188 [40] DEBUG GesColecoesWeb.SetUserFullBackup - Finished.
2012-07-02 19:51:23,604 [20] DEBUG GesColecoesWeb.Global - Application end.
2012-07-02 19:51:28,339 [17] DEBUG GesColecoesWeb.Global - Application start...
2012-07-02 19:51:28,634 [21] DEBUG GesColecoesWeb.SetUserFullBackup - Processing...
2012-07-02 19:51:28,634 [21] DEBUG GesColecoesWeb.SetUserFullBackup - idUser=1, data=[{"id":1,"idUser":1,"barcode":"123456 ","TipoItem":"Livro","titulo":"Teste","Editor":"Editor1","Autores":"Ze, Paulo, Jimbas","ano":"2011","edicao":"1","qrcode":"qwertyu112345","ExtTipoItem":"Livro Capa Dura","Obs":"Assinado pelos autores"}]
2012-07-02 19:51:28,634 [21] DEBUG GesColecoesWeb.SetUserFullBackup - Deserialization sucessfull!
2012-07-02 19:51:28,639 [21] INFO  GesColecoesWeb.Data.DataBase - DataBase[0]
2012-07-02 19:51:28,654 [21] INFO  GesColecoesWeb.SetUserFullBackup - Can't delete user data or there is no data to delete.
2012-07-02 19:51:28,659 [21] DEBUG GesColecoesWeb.SetUserFullBackup - Finished.
2012-07-02 19:51:45,394 [21] DEBUG GesColecoesWeb.SetUserFullBackup - Processing...
2012-07-02 19:51:45,394 [21] DEBUG GesColecoesWeb.SetUserFullBackup - idUser=1, data=[{"id":1,"idUser":1,"barcode":"123456 ","TipoItem":"Livro","titulo":"Teste","Editor":"Editor1","Autores":"Ze, Paulo, Jimbas","ano":"2011","edicao":"1","qrcode":"qwertyu112345","ExtTipoItem":"Livro Capa Dura","Obs":"Assinado pelos autores"}]
2012-07-02 19:51:45,394 [21] DEBUG GesColecoesWeb.SetUserFullBackup - Deserialization sucessfull!
2012-07-02 19:51:45,394 [21] DEBUG GesColecoesWeb.SetUserFullBackup - Old user data deleted!
2012-07-02 19:51:45,394 [21] DEBUG GesColecoesWeb.SetUserFullBackup - Finished.
2012-07-02 19:52:00,459 [18] DEBUG GesColecoesWeb.SetUserFullBackup - Processing...
2012-07-02 19:52:00,459 [18] DEBUG GesColecoesWeb.SetUserFullBackup - idUser=1, data=[{"id":1,"idUser":1,"barcode":"123456 ","TipoItem":"Livro","titulo":"Teste","Editor":"Editor1","Autores":"Ze, Paulo, Jimbas","ano":"2011","edicao":"1","qrcode":"qwertyu112345","ExtTipoItem":"Livro Capa Dura","Obs":"Assinado pelos autores"},{"id":2,"idUser":1,"barcode":"09876543312344 ","TipoItem":"Livro","titulo":"Livro do 1 Teste","Editor":"Editor do Livro","Autores":"Nelson, Antnio, Paulo","ano":"2012","edicao":"12","qrcode":"SE-2012","ExtTipoItem":"Livro","Obs":"Granda Malha"}]
2012-07-02 19:52:00,459 [18] DEBUG GesColecoesWeb.SetUserFullBackup - Deserialization sucessfull!
2012-07-02 19:52:00,459 [18] DEBUG GesColecoesWeb.SetUserFullBackup - Old user data deleted!
2012-07-02 19:52:00,464 [18] DEBUG GesColecoesWeb.SetUserFullBackup - Finished.
2012-07-02 19:53:03,635 [18] DEBUG GesColecoesWeb.SetUserFullBackup - Processing...
2012-07-02 19:53:03,665 [18] DEBUG GesColecoesWeb.SetUserFullBackup - idUser=1, data=>>>>dados<<<<
2012-07-02 19:53:03,755 [18] DEBUG GesColecoesWeb.Global - Application error...
2012-07-02 19:53:33,528 [18] DEBUG GesColecoesWeb.ListUserFullBackup - Processing...
2012-07-02 19:53:33,528 [18] DEBUG GesColecoesWeb.ListUserFullBackup - idUser=1
2012-07-02 19:53:33,538 [18] INFO  GesColecoesWeb.ListUserFullBackup - ViewGeral Row found!
2012-07-02 19:53:33,538 [18] DEBUG GesColecoesWeb.ListUserFullBackup - Finished.
2012-07-02 19:54:34,220 [18] DEBUG GesColecoesWeb.ListUserFullBackup - Processing...
2012-07-02 19:54:34,220 [18] DEBUG GesColecoesWeb.ListUserFullBackup - idUser=1
2012-07-02 19:54:34,220 [18] INFO  GesColecoesWeb.ListUserFullBackup - ViewGeral Row found!
2012-07-02 19:54:34,220 [18] DEBUG GesColecoesWeb.ListUserFullBackup - Finished.
2012-07-02 19:54:59,450 [28] DEBUG GesColecoesWeb.SetUserFullBackup - Processing...
2012-07-02 19:54:59,450 [28] DEBUG GesColecoesWeb.SetUserFullBackup - idUser=1, data=[{"id":5,"idUser":1,"barcode":"123456 ","TipoItem":"Livro","titulo":"Teste","Editor":"Editor1","Autores":"Ze, Paulo, Jimbas","ano":"2011","edicao":"1","qrcode":"qwertyu112345","ExtTipoItem":"Livro Capa Dura","Obs":"Assinado pelos autores"}]
2012-07-02 19:54:59,450 [28] DEBUG GesColecoesWeb.SetUserFullBackup - Deserialization sucessfull!
2012-07-02 19:54:59,475 [28] DEBUG GesColecoesWeb.SetUserFullBackup - Old user data deleted!
2012-07-02 19:54:59,475 [28] DEBUG GesColecoesWeb.SetUserFullBackup - Finished.
2012-07-02 19:55:20,785 [18] DEBUG GesColecoesWeb.SetUserFullBackup - Processing...
2012-07-02 19:55:20,785 [18] DEBUG GesColecoesWeb.SetUserFullBackup - idUser=1, data=[{"id":5,"idUser":1,"barcode":"123456 ","TipoItem":"Livro","titulo":"Teste","Editor":"Editor1","Autores":"Ze, Paulo, Jimbas","ano":"2011","edicao":"1","qrcode":"qwertyu112345","ExtTipoItem":"Livro Capa Dura","Obs":"Assinado pelos autores"},{"id":6,"idUser":1,"barcode":"09876543312344 ","TipoItem":"Livro","titulo":"Livro do 1 Teste","Editor":"Editor do Livro","Autores":"Nelson, Antnio, Paulo","ano":"2012","edicao":"12","qrcode":"SE-2012","ExtTipoItem":"Livro","Obs":"Granda Malha"}]
2012-07-02 19:55:20,785 [18] DEBUG GesColecoesWeb.SetUserFullBackup - Deserialization sucessfull!
2012-07-02 19:55:20,785 [18] DEBUG GesColecoesWeb.SetUserFullBackup - Old user data deleted!
2012-07-02 19:55:20,790 [18] DEBUG GesColecoesWeb.SetUserFullBackup - Finished.
2012-07-02 20:06:10,178 [21] DEBUG GesColecoesWeb.Global - Application end.
2012-07-02 20:16:12,005 [1] DEBUG GesColecoesWeb.Global - Application start...
2012-07-02 20:16:12,395 [5] DEBUG GesColecoesWeb.SetUserFullBackup - Processing...
2012-07-02 20:16:12,395 [5] DEBUG GesColecoesWeb.SetUserFullBackup - idUser=1, data=[{"id":5,"idUser":1,"barcode":"123456 ","TipoItem":"Livro","titulo":"Teste","Editor":"Editor1","Autores":"Ze, Paulo, Jimbas","ano":"2011","edicao":"1","qrcode":"qwertyu112345","ExtTipoItem":"Livro Capa Dura","Obs":"Assinado pelos autores"},{"id":6,"idUser":1,"barcode":"09876543312344 ","TipoItem":"Livro","titulo":"Livro do 1 Teste","Editor":"Editor do Livro","Autores":"Nelson, Antnio, Paulo","ano":"2012","edicao":"12","qrcode":"SE-2012","ExtTipoItem":"Livro","Obs":"Granda Malha"}]
2012-07-02 20:16:12,400 [5] DEBUG GesColecoesWeb.SetUserFullBackup - Deserialization sucessfull!
2012-07-02 20:16:12,405 [5] INFO  GesColecoesWeb.Data.DataBase - DataBase[0]
2012-07-02 20:16:12,440 [5] DEBUG GesColecoesWeb.SetUserFullBackup - Old user data deleted!
2012-07-02 20:16:12,445 [5] DEBUG GesColecoesWeb.SetUserFullBackup - Finished.
2012-07-02 20:16:12,720 [5] DEBUG GesColecoesWeb.ListUserFullBackup - Processing...
2012-07-02 20:16:12,720 [5] DEBUG GesColecoesWeb.ListUserFullBackup - idUser=1
2012-07-02 20:16:12,735 [5] INFO  GesColecoesWeb.ListUserFullBackup - ListUserFullBackup Row found!
2012-07-02 20:16:12,735 [5] DEBUG GesColecoesWeb.ListUserFullBackup - Finished.
2012-07-02 20:16:16,291 [6] DEBUG GesColecoesWeb.ListUserFullBackup - Processing...
2012-07-02 20:16:16,291 [6] DEBUG GesColecoesWeb.ListUserFullBackup - idUser=1
2012-07-02 20:16:16,296 [6] INFO  GesColecoesWeb.ListUserFullBackup - ListUserFullBackup Row found!
2012-07-02 20:16:16,296 [6] DEBUG GesColecoesWeb.ListUserFullBackup - Finished.
2012-07-02 20:16:17,976 [5] DEBUG GesColecoesWeb.SetUserFullBackup - Processing...
2012-07-02 20:16:17,976 [5] DEBUG GesColecoesWeb.SetUserFullBackup - idUser=1, data=[{"id":5,"idUser":1,"barcode":"123456 ","TipoItem":"Livro","titulo":"Teste","Editor":"Editor1","Autores":"Ze, Paulo, Jimbas","ano":"2011","edicao":"1","qrcode":"qwertyu112345","ExtTipoItem":"Livro Capa Dura","Obs":"Assinado pelos autores"},{"id":6,"idUser":1,"barcode":"09876543312344 ","TipoItem":"Livro","titulo":"Livro do 1 Teste","Editor":"Editor do Livro","Autores":"Nelson, Antnio, Paulo","ano":"2012","edicao":"12","qrcode":"SE-2012","ExtTipoItem":"Livro","Obs":"Granda Malha"}]
2012-07-02 20:16:17,976 [5] DEBUG GesColecoesWeb.SetUserFullBackup - Deserialization sucessfull!
2012-07-02 20:16:17,981 [5] DEBUG GesColecoesWeb.SetUserFullBackup - Old user data deleted!
2012-07-02 20:16:17,981 [5] DEBUG GesColecoesWeb.SetUserFullBackup - Finished.
2012-07-02 20:16:22,951 [5] DEBUG GesColecoesWeb.ListUserFullBackup - Processing...
2012-07-02 20:16:22,951 [5] DEBUG GesColecoesWeb.ListUserFullBackup - idUser=3
2012-07-02 20:16:22,951 [5] INFO  GesColecoesWeb.ListUserFullBackup - ListUserFullBackup Row found!
2012-07-02 20:16:22,951 [5] DEBUG GesColecoesWeb.ListUserFullBackup - Finished.
2012-07-02 20:16:29,206 [6] DEBUG GesColecoesWeb.ListUserFullBackup - Processing...
2012-07-02 20:16:29,206 [6] DEBUG GesColecoesWeb.ListUserFullBackup - idUser=1
2012-07-02 20:16:29,206 [6] INFO  GesColecoesWeb.ListUserFullBackup - ListUserFullBackup Row found!
2012-07-02 20:16:29,211 [6] DEBUG GesColecoesWeb.ListUserFullBackup - Finished.
2012-07-02 20:16:40,361 [8] DEBUG GesColecoesWeb.Login - Processing...
2012-07-02 20:16:40,361 [8] ERROR GesColecoesWeb.Login - ID field not supplied...
2012-07-02 20:16:40,361 [8] DEBUG GesColecoesWeb.Login - Finished.
2012-07-02 20:17:26,122 [5] DEBUG GesColecoesWeb.Login - Processing...
2012-07-02 20:17:26,122 [5] ERROR GesColecoesWeb.Login - ID field not supplied...
2012-07-02 20:17:26,122 [5] DEBUG GesColecoesWeb.Login - Finished.
2012-07-02 20:17:27,412 [11] DEBUG GesColecoesWeb.Login - Processing...
2012-07-02 20:17:27,412 [11] ERROR GesColecoesWeb.Login - ID field not supplied...
2012-07-02 20:17:27,412 [11] DEBUG GesColecoesWeb.Login - Finished.
2012-07-02 20:17:33,492 [11] DEBUG GesColecoesWeb.Global - Application end.
2012-07-02 20:17:36,002 [1] DEBUG GesColecoesWeb.Global - Application start...
2012-07-02 20:17:36,262 [7] DEBUG GesColecoesWeb.Login - Processing...
2012-07-02 20:17:36,262 [7] ERROR GesColecoesWeb.Login - UserName/Password field(s) not supplied...
2012-07-02 20:17:36,262 [7] DEBUG GesColecoesWeb.Login - Finished.
2012-07-02 20:17:46,162 [8] DEBUG GesColecoesWeb.Login - Processing...
2012-07-02 20:17:46,162 [8] ERROR GesColecoesWeb.Login - UserName/Password field(s) not supplied...
2012-07-02 20:17:46,162 [8] DEBUG GesColecoesWeb.Login - Finished.
2012-07-02 20:17:52,542 [6] DEBUG GesColecoesWeb.Login - Processing...
2012-07-02 20:17:52,542 [6] DEBUG GesColecoesWeb.Login - UserName=1, Password=1
2012-07-02 20:17:52,552 [6] INFO  GesColecoesWeb.Data.DataBase - DataBase[0]
2012-07-02 20:17:52,582 [6] INFO  GesColecoesWeb.Login - User Row found!
2012-07-02 20:17:52,652 [6] DEBUG GesColecoesWeb.Global - Application error...
2012-07-02 20:18:29,083 [7] DEBUG GesColecoesWeb.Global - Application end.
2012-07-02 20:18:32,858 [1] DEBUG GesColecoesWeb.Global - Application start...
2012-07-02 20:18:33,123 [6] DEBUG GesColecoesWeb.Login - Processing...
2012-07-02 20:18:33,128 [6] DEBUG GesColecoesWeb.Login - UserName=1, Password=1
2012-07-02 20:18:33,128 [6] INFO  GesColecoesWeb.Data.DataBase - DataBase[0]
2012-07-02 20:18:33,143 [6] ERROR GesColecoesWeb.Login - User Row not found...
2012-07-02 20:18:33,143 [6] DEBUG GesColecoesWeb.Login - Finished.
2012-07-02 20:18:52,339 [8] DEBUG GesColecoesWeb.Global - Application end.
2012-07-02 20:19:11,094 [1] DEBUG GesColecoesWeb.Global - Application start...
2012-07-02 20:19:11,354 [8] DEBUG GesColecoesWeb.Login - Processing...
2012-07-02 20:19:11,354 [8] DEBUG GesColecoesWeb.Login - UserName=Nelson, Password=1234
2012-07-02 20:19:11,359 [8] INFO  GesColecoesWeb.Data.DataBase - DataBase[0]
2012-07-02 20:19:11,374 [8] INFO  GesColecoesWeb.Login - User Row found!
2012-07-02 20:19:11,374 [8] DEBUG GesColecoesWeb.Login - Finished.
2012-07-02 20:19:17,564 [5] DEBUG GesColecoesWeb.Login - Processing...
2012-07-02 20:19:17,564 [5] DEBUG GesColecoesWeb.Login - UserName=Tiago, Password=1234
2012-07-02 20:19:17,564 [5] INFO  GesColecoesWeb.Login - User Row found!
2012-07-02 20:19:17,564 [5] DEBUG GesColecoesWeb.Login - Finished.
2012-07-02 20:19:46,493 [8] DEBUG GesColecoesWeb.Global - Application end.
2012-07-02 20:19:59,263 [1] DEBUG GesColecoesWeb.Global - Application start...
2012-07-02 20:19:59,553 [7] DEBUG GesColecoesWeb.Login - Processing...
2012-07-02 20:19:59,553 [7] DEBUG GesColecoesWeb.Login - UserName=Tiago, Password=1234
2012-07-02 20:19:59,558 [7] INFO  GesColecoesWeb.Data.DataBase - DataBase[0]
2012-07-02 20:19:59,573 [7] INFO  GesColecoesWeb.Login - User Row found!
2012-07-02 20:19:59,573 [7] DEBUG GesColecoesWeb.Login - Finished.
2012-07-02 20:40:11,846 [8] DEBUG GesColecoesWeb.Global - Application end.
2012-07-02 22:40:52,912 [1] DEBUG GesColecoesWeb.Global - Application start...
2012-07-02 22:40:53,077 [5] DEBUG GesColecoesWeb.Login - Processing...
2012-07-02 22:40:53,077 [5] DEBUG GesColecoesWeb.Login - UserName=Tiago, Password=1234
2012-07-02 22:40:53,082 [5] INFO  GesColecoesWeb.Data.DataBase - DataBase[0]
2012-07-02 22:40:53,187 [5] INFO  GesColecoesWeb.Login - User Row found!
2012-07-02 22:40:53,187 [5] DEBUG GesColecoesWeb.Login - Finished.
2012-07-02 23:00:29,541 [15] DEBUG GesColecoesWeb.Global - Application end.
2012-07-02 23:03:24,659 [1] DEBUG GesColecoesWeb.Global - Application start...
2012-07-02 23:03:24,744 [5] DEBUG GesColecoesWeb.ListUserFullBackup - Processing...
2012-07-02 23:03:24,744 [5] DEBUG GesColecoesWeb.ListUserFullBackup - idUser=1
2012-07-02 23:03:24,754 [5] INFO  GesColecoesWeb.Data.DataBase - DataBase[0]
2012-07-02 23:03:24,804 [5] INFO  GesColecoesWeb.ListUserFullBackup - Row found!
2012-07-02 23:03:24,849 [5] DEBUG GesColecoesWeb.ListUserFullBackup - Finished.
2012-07-02 23:24:25,138 [35] DEBUG GesColecoesWeb.Global - Application end.
2012-07-02 23:47:49,713 [1] DEBUG GesColecoesWeb.Global - Application start...
2012-07-02 23:47:49,773 [5] DEBUG GesColecoesWeb.ListUserFullBackup - Processing...
2012-07-02 23:47:49,773 [5] DEBUG GesColecoesWeb.ListUserFullBackup - idUser=1
2012-07-02 23:47:49,778 [5] INFO  GesColecoesWeb.Data.DataBase - DataBase[0]
2012-07-02 23:47:49,818 [5] INFO  GesColecoesWeb.ListUserFullBackup - Row found!
2012-07-02 23:47:49,818 [5] DEBUG GesColecoesWeb.ListUserFullBackup - Finished.
2012-07-02 23:48:39,058 [5] DEBUG GesColecoesWeb.ListUserFullBackup - Processing...
2012-07-02 23:48:39,058 [5] DEBUG GesColecoesWeb.ListUserFullBackup - idUser=1
2012-07-02 23:48:39,058 [5] INFO  GesColecoesWeb.ListUserFullBackup - Row found!
2012-07-02 23:48:39,058 [5] DEBUG GesColecoesWeb.ListUserFullBackup - Finished.
2012-07-02 23:51:34,333 [5] DEBUG GesColecoesWeb.ListUserFullBackup - Processing...
2012-07-02 23:51:34,333 [5] DEBUG GesColecoesWeb.ListUserFullBackup - idUser=1
2012-07-02 23:51:34,348 [5] INFO  GesColecoesWeb.ListUserFullBackup - Row found!
2012-07-02 23:51:34,348 [5] DEBUG GesColecoesWeb.ListUserFullBackup - Finished.
2012-07-02 23:51:54,293 [5] DEBUG GesColecoesWeb.ListUserFullBackup - Processing...
2012-07-02 23:51:54,293 [5] DEBUG GesColecoesWeb.ListUserFullBackup - idUser=1
2012-07-02 23:51:54,293 [5] INFO  GesColecoesWeb.ListUserFullBackup - Row found!
2012-07-02 23:51:54,293 [5] DEBUG GesColecoesWeb.ListUserFullBackup - Finished.
2012-07-02 23:53:57,343 [23] DEBUG GesColecoesWeb.Global - Application error...
2012-07-02 23:54:08,218 [21] DEBUG GesColecoesWeb.ListUserFullBackup - Processing...
2012-07-02 23:54:08,218 [21] DEBUG GesColecoesWeb.ListUserFullBackup - idUser=1
2012-07-02 23:54:08,218 [21] INFO  GesColecoesWeb.ListUserFullBackup - Row found!
2012-07-02 23:54:08,218 [21] DEBUG GesColecoesWeb.ListUserFullBackup - Finished.
